The target system is: Arduino -  - 
The host system is: Darwin - 12.2.0 - i386
Compiling the C compiler identification source file "CMakeCCompilerId.c" succeeded.
Compiler: /Applications/Arduino.app/Contents/Resources/Java/hardware/tools/avr/bin/avr-gcc 
Build flags: 
Id flags: 

The output was:
0


Compilation of the C compiler identification source "CMakeCCompilerId.c" produced "a.out"

The C compiler identification is GNU, found in "/Users/tadatoshi/Documents/development/projects/arduino_sketch_builder/spec/arduino_sketches_fixture/build/CMakeFiles/2.8.10.2/CompilerIdC/a.out"

Compiling the CXX compiler identification source file "CMakeCXXCompilerId.cpp" succeeded.
Compiler: /Applications/Arduino.app/Contents/Resources/Java/hardware/tools/avr/bin/avr-g++ 
Build flags: 
Id flags: 

The output was:
0


Compilation of the CXX compiler identification source "CMakeCXXCompilerId.cpp" produced "a.out"

The CXX compiler identification is GNU, found in "/Users/tadatoshi/Documents/development/projects/arduino_sketch_builder/spec/arduino_sketches_fixture/build/CMakeFiles/2.8.10.2/CompilerIdCXX/a.out"

Determining if the C compiler works passed with the following output:
Change Dir: /Users/tadatoshi/Documents/development/projects/arduino_sketch_builder/spec/arduino_sketches_fixture/build/CMakeFiles/CMakeTmp

Run Build Command:/usr/bin/make "cmTryCompileExec902250645/fast"
/usr/bin/make -f CMakeFiles/cmTryCompileExec902250645.dir/build.make CMakeFiles/cmTryCompileExec902250645.dir/build
"/Applications/CMake 2.8-10.app/Contents/bin/cmake" -E cmake_progress_report /Users/tadatoshi/Documents/development/projects/arduino_sketch_builder/spec/arduino_sketches_fixture/build/CMakeFiles/CMakeTmp/CMakeFiles 1
Building C object CMakeFiles/cmTryCompileExec902250645.dir/testCCompiler.c.obj
/Applications/Arduino.app/Contents/Resources/Java/hardware/tools/avr/bin/avr-gcc   -g -Os       -mcall-prologues -ffunction-sections -fdata-sections     -o CMakeFiles/cmTryCompileExec902250645.dir/testCCompiler.c.obj   -c /Users/tadatoshi/Documents/development/projects/arduino_sketch_builder/spec/arduino_sketches_fixture/build/CMakeFiles/CMakeTmp/testCCompiler.c
Linking C executable cmTryCompileExec902250645
"/Applications/CMake 2.8-10.app/Contents/bin/cmake" -E cmake_link_script CMakeFiles/cmTryCompileExec902250645.dir/link.txt --verbose=1
/Applications/Arduino.app/Contents/Resources/Java/hardware/tools/avr/bin/avr-gcc   -g -Os       -mcall-prologues -ffunction-sections -fdata-sections    -Wl,--gc-sections -lm CMakeFiles/cmTryCompileExec902250645.dir/testCCompiler.c.obj  -o cmTryCompileExec902250645  


Detecting C compiler ABI info compiled with the following output:
Change Dir: /Users/tadatoshi/Documents/development/projects/arduino_sketch_builder/spec/arduino_sketches_fixture/build/CMakeFiles/CMakeTmp

Run Build Command:/usr/bin/make "cmTryCompileExec410423506/fast"
/usr/bin/make -f CMakeFiles/cmTryCompileExec410423506.dir/build.make CMakeFiles/cmTryCompileExec410423506.dir/build
"/Applications/CMake 2.8-10.app/Contents/bin/cmake" -E cmake_progress_report /Users/tadatoshi/Documents/development/projects/arduino_sketch_builder/spec/arduino_sketches_fixture/build/CMakeFiles/CMakeTmp/CMakeFiles 1
Building C object CMakeFiles/cmTryCompileExec410423506.dir/CMakeCCompilerABI.c.obj
/Applications/Arduino.app/Contents/Resources/Java/hardware/tools/avr/bin/avr-gcc   -g -Os       -mcall-prologues -ffunction-sections -fdata-sections     -o CMakeFiles/cmTryCompileExec410423506.dir/CMakeCCompilerABI.c.obj   -c "/Applications/CMake 2.8-10.app/Contents/share/cmake-2.8/Modules/CMakeCCompilerABI.c"
Linking C executable cmTryCompileExec410423506
"/Applications/CMake 2.8-10.app/Contents/bin/cmake" -E cmake_link_script CMakeFiles/cmTryCompileExec410423506.dir/link.txt --verbose=1
/Applications/Arduino.app/Contents/Resources/Java/hardware/tools/avr/bin/avr-gcc   -g -Os       -mcall-prologues -ffunction-sections -fdata-sections    -v CMakeFiles/cmTryCompileExec410423506.dir/CMakeCCompilerABI.c.obj  -o cmTryCompileExec410423506   
Using built-in specs.
Target: avr
Configured with: ../configure --prefix=/usr/local/AVRMacPack-20081213 --disable-dependency-tracking --disable-nls --disable-werror --target=avr --enable-languages=c,c++ --disable-nls --disable-libssp --with-dwarf2
Thread model: single
gcc version 4.3.2 (GCC) 
COMPILER_PATH=/Applications/Arduino.app/Contents/Resources/Java/hardware/tools/avr/bin/../libexec/gcc/avr/4.3.2/:/Applications/Arduino.app/Contents/Resources/Java/hardware/tools/avr/bin/../libexec/gcc/:/Applications/Arduino.app/Contents/Resources/Java/hardware/tools/avr/bin/../lib/gcc/avr/4.3.2/../../../../avr/bin/
LIBRARY_PATH=/Applications/Arduino.app/Contents/Resources/Java/hardware/tools/avr/bin/../lib/gcc/avr/4.3.2/:/Applications/Arduino.app/Contents/Resources/Java/hardware/tools/avr/bin/../lib/gcc/:/Applications/Arduino.app/Contents/Resources/Java/hardware/tools/avr/bin/../lib/gcc/avr/4.3.2/../../../../avr/lib/
COLLECT_GCC_OPTIONS='-g' '-Os' '-mcall-prologues' '-ffunction-sections' '-fdata-sections' '-v' '-o' 'cmTryCompileExec410423506'
 /Applications/Arduino.app/Contents/Resources/Java/hardware/tools/avr/bin/../lib/gcc/avr/4.3.2/../../../../avr/bin/ld -m avr2 -o cmTryCompileExec410423506 /Applications/Arduino.app/Contents/Resources/Java/hardware/tools/avr/bin/../lib/gcc/avr/4.3.2/../../../../avr/lib/crts8515.o -L/Applications/Arduino.app/Contents/Resources/Java/hardware/tools/avr/bin/../lib/gcc/avr/4.3.2 -L/Applications/Arduino.app/Contents/Resources/Java/hardware/tools/avr/bin/../lib/gcc -L/Applications/Arduino.app/Contents/Resources/Java/hardware/tools/avr/bin/../lib/gcc/avr/4.3.2/../../../../avr/lib CMakeFiles/cmTryCompileExec410423506.dir/CMakeCCompilerABI.c.obj -lgcc -lc -lgcc


Parsed C implicit link information from above output:
  link line regex: [^( *|.*[/\])(avr-ld|ld|collect2)[^/\]*( |$)]
  ignore line: [Change Dir: /Users/tadatoshi/Documents/development/projects/arduino_sketch_builder/spec/arduino_sketches_fixture/build/CMakeFiles/CMakeTmp]
  ignore line: []
  ignore line: [Run Build Command:/usr/bin/make "cmTryCompileExec410423506/fast"]
  ignore line: [/usr/bin/make -f CMakeFiles/cmTryCompileExec410423506.dir/build.make CMakeFiles/cmTryCompileExec410423506.dir/build]
  ignore line: ["/Applications/CMake 2.8-10.app/Contents/bin/cmake" -E cmake_progress_report /Users/tadatoshi/Documents/development/projects/arduino_sketch_builder/spec/arduino_sketches_fixture/build/CMakeFiles/CMakeTmp/CMakeFiles 1]
  ignore line: [Building C object CMakeFiles/cmTryCompileExec410423506.dir/CMakeCCompilerABI.c.obj]
  ignore line: [/Applications/Arduino.app/Contents/Resources/Java/hardware/tools/avr/bin/avr-gcc   -g -Os       -mcall-prologues -ffunction-sections -fdata-sections     -o CMakeFiles/cmTryCompileExec410423506.dir/CMakeCCompilerABI.c.obj   -c "/Applications/CMake 2.8-10.app/Contents/share/cmake-2.8/Modules/CMakeCCompilerABI.c"]
  ignore line: [Linking C executable cmTryCompileExec410423506]
  ignore line: ["/Applications/CMake 2.8-10.app/Contents/bin/cmake" -E cmake_link_script CMakeFiles/cmTryCompileExec410423506.dir/link.txt --verbose=1]
  ignore line: [/Applications/Arduino.app/Contents/Resources/Java/hardware/tools/avr/bin/avr-gcc   -g -Os       -mcall-prologues -ffunction-sections -fdata-sections    -v CMakeFiles/cmTryCompileExec410423506.dir/CMakeCCompilerABI.c.obj  -o cmTryCompileExec410423506   ]
  ignore line: [Using built-in specs.]
  ignore line: [Target: avr]
  ignore line: [Configured with: ../configure --prefix=/usr/local/AVRMacPack-20081213 --disable-dependency-tracking --disable-nls --disable-werror --target=avr --enable-languages=c,c++ --disable-nls --disable-libssp --with-dwarf2]
  ignore line: [Thread model: single]
  ignore line: [gcc version 4.3.2 (GCC) ]
  ignore line: [COMPILER_PATH=/Applications/Arduino.app/Contents/Resources/Java/hardware/tools/avr/bin/../libexec/gcc/avr/4.3.2/:/Applications/Arduino.app/Contents/Resources/Java/hardware/tools/avr/bin/../libexec/gcc/:/Applications/Arduino.app/Contents/Resources/Java/hardware/tools/avr/bin/../lib/gcc/avr/4.3.2/../../../../avr/bin/]
  ignore line: [LIBRARY_PATH=/Applications/Arduino.app/Contents/Resources/Java/hardware/tools/avr/bin/../lib/gcc/avr/4.3.2/:/Applications/Arduino.app/Contents/Resources/Java/hardware/tools/avr/bin/../lib/gcc/:/Applications/Arduino.app/Contents/Resources/Java/hardware/tools/avr/bin/../lib/gcc/avr/4.3.2/../../../../avr/lib/]
  ignore line: [COLLECT_GCC_OPTIONS='-g' '-Os' '-mcall-prologues' '-ffunction-sections' '-fdata-sections' '-v' '-o' 'cmTryCompileExec410423506']
  link line: [ /Applications/Arduino.app/Contents/Resources/Java/hardware/tools/avr/bin/../lib/gcc/avr/4.3.2/../../../../avr/bin/ld -m avr2 -o cmTryCompileExec410423506 /Applications/Arduino.app/Contents/Resources/Java/hardware/tools/avr/bin/../lib/gcc/avr/4.3.2/../../../../avr/lib/crts8515.o -L/Applications/Arduino.app/Contents/Resources/Java/hardware/tools/avr/bin/../lib/gcc/avr/4.3.2 -L/Applications/Arduino.app/Contents/Resources/Java/hardware/tools/avr/bin/../lib/gcc -L/Applications/Arduino.app/Contents/Resources/Java/hardware/tools/avr/bin/../lib/gcc/avr/4.3.2/../../../../avr/lib CMakeFiles/cmTryCompileExec410423506.dir/CMakeCCompilerABI.c.obj -lgcc -lc -lgcc]
    arg [/Applications/Arduino.app/Contents/Resources/Java/hardware/tools/avr/bin/../lib/gcc/avr/4.3.2/../../../../avr/bin/ld] ==> ignore
    arg [-m] ==> ignore
    arg [avr2] ==> ignore
    arg [-o] ==> ignore
    arg [cmTryCompileExec410423506] ==> ignore
    arg [/Applications/Arduino.app/Contents/Resources/Java/hardware/tools/avr/bin/../lib/gcc/avr/4.3.2/../../../../avr/lib/crts8515.o] ==> ignore
    arg [-L/Applications/Arduino.app/Contents/Resources/Java/hardware/tools/avr/bin/../lib/gcc/avr/4.3.2] ==> dir [/Applications/Arduino.app/Contents/Resources/Java/hardware/tools/avr/bin/../lib/gcc/avr/4.3.2]
    arg [-L/Applications/Arduino.app/Contents/Resources/Java/hardware/tools/avr/bin/../lib/gcc] ==> dir [/Applications/Arduino.app/Contents/Resources/Java/hardware/tools/avr/bin/../lib/gcc]
    arg [-L/Applications/Arduino.app/Contents/Resources/Java/hardware/tools/avr/bin/../lib/gcc/avr/4.3.2/../../../../avr/lib] ==> dir [/Applications/Arduino.app/Contents/Resources/Java/hardware/tools/avr/bin/../lib/gcc/avr/4.3.2/../../../../avr/lib]
    arg [CMakeFiles/cmTryCompileExec410423506.dir/CMakeCCompilerABI.c.obj] ==> ignore
    arg [-lgcc] ==> lib [gcc]
    arg [-lc] ==> lib [c]
    arg [-lgcc] ==> lib [gcc]
  remove lib [gcc]
  remove lib [gcc]
  collapse dir [/Applications/Arduino.app/Contents/Resources/Java/hardware/tools/avr/bin/../lib/gcc/avr/4.3.2] ==> [/Applications/Arduino.app/Contents/Resources/Java/hardware/tools/avr/lib/gcc/avr/4.3.2]
  collapse dir [/Applications/Arduino.app/Contents/Resources/Java/hardware/tools/avr/bin/../lib/gcc] ==> [/Applications/Arduino.app/Contents/Resources/Java/hardware/tools/avr/lib/gcc]
  collapse dir [/Applications/Arduino.app/Contents/Resources/Java/hardware/tools/avr/bin/../lib/gcc/avr/4.3.2/../../../../avr/lib] ==> [/Applications/Arduino.app/Contents/Resources/Java/hardware/tools/avr/avr/lib]
  implicit libs: [c]
  implicit dirs: [/Applications/Arduino.app/Contents/Resources/Java/hardware/tools/avr/lib/gcc/avr/4.3.2;/Applications/Arduino.app/Contents/Resources/Java/hardware/tools/avr/lib/gcc;/Applications/Arduino.app/Contents/Resources/Java/hardware/tools/avr/avr/lib]


Determining if the CXX compiler works passed with the following output:
Change Dir: /Users/tadatoshi/Documents/development/projects/arduino_sketch_builder/spec/arduino_sketches_fixture/build/CMakeFiles/CMakeTmp

Run Build Command:/usr/bin/make "cmTryCompileExec3590606878/fast"
/usr/bin/make -f CMakeFiles/cmTryCompileExec3590606878.dir/build.make CMakeFiles/cmTryCompileExec3590606878.dir/build
"/Applications/CMake 2.8-10.app/Contents/bin/cmake" -E cmake_progress_report /Users/tadatoshi/Documents/development/projects/arduino_sketch_builder/spec/arduino_sketches_fixture/build/CMakeFiles/CMakeTmp/CMakeFiles 1
Building CXX object CMakeFiles/cmTryCompileExec3590606878.dir/testCXXCompiler.cxx.obj
/Applications/Arduino.app/Contents/Resources/Java/hardware/tools/avr/bin/avr-g++    -g -Os       -mcall-prologues -ffunction-sections -fdata-sections -fno-exceptions     -o CMakeFiles/cmTryCompileExec3590606878.dir/testCXXCompiler.cxx.obj -c /Users/tadatoshi/Documents/development/projects/arduino_sketch_builder/spec/arduino_sketches_fixture/build/CMakeFiles/CMakeTmp/testCXXCompiler.cxx
Linking CXX executable cmTryCompileExec3590606878
"/Applications/CMake 2.8-10.app/Contents/bin/cmake" -E cmake_link_script CMakeFiles/cmTryCompileExec3590606878.dir/link.txt --verbose=1
/Applications/Arduino.app/Contents/Resources/Java/hardware/tools/avr/bin/avr-g++    -g -Os       -mcall-prologues -ffunction-sections -fdata-sections -fno-exceptions    -Wl,--gc-sections -lm CMakeFiles/cmTryCompileExec3590606878.dir/testCXXCompiler.cxx.obj  -o cmTryCompileExec3590606878  


Detecting CXX compiler ABI info compiled with the following output:
Change Dir: /Users/tadatoshi/Documents/development/projects/arduino_sketch_builder/spec/arduino_sketches_fixture/build/CMakeFiles/CMakeTmp

Run Build Command:/usr/bin/make "cmTryCompileExec1798322916/fast"
/usr/bin/make -f CMakeFiles/cmTryCompileExec1798322916.dir/build.make CMakeFiles/cmTryCompileExec1798322916.dir/build
"/Applications/CMake 2.8-10.app/Contents/bin/cmake" -E cmake_progress_report /Users/tadatoshi/Documents/development/projects/arduino_sketch_builder/spec/arduino_sketches_fixture/build/CMakeFiles/CMakeTmp/CMakeFiles 1
Building CXX object CMakeFiles/cmTryCompileExec1798322916.dir/CMakeCXXCompilerABI.cpp.obj
/Applications/Arduino.app/Contents/Resources/Java/hardware/tools/avr/bin/avr-g++    -g -Os       -mcall-prologues -ffunction-sections -fdata-sections -fno-exceptions     -o CMakeFiles/cmTryCompileExec1798322916.dir/CMakeCXXCompilerABI.cpp.obj -c "/Applications/CMake 2.8-10.app/Contents/share/cmake-2.8/Modules/CMakeCXXCompilerABI.cpp"
Linking CXX executable cmTryCompileExec1798322916
"/Applications/CMake 2.8-10.app/Contents/bin/cmake" -E cmake_link_script CMakeFiles/cmTryCompileExec1798322916.dir/link.txt --verbose=1
/Applications/Arduino.app/Contents/Resources/Java/hardware/tools/avr/bin/avr-g++    -g -Os       -mcall-prologues -ffunction-sections -fdata-sections -fno-exceptions    -v CMakeFiles/cmTryCompileExec1798322916.dir/CMakeCXXCompilerABI.cpp.obj  -o cmTryCompileExec1798322916   
Using built-in specs.
Target: avr
Configured with: ../configure --prefix=/usr/local/AVRMacPack-20081213 --disable-dependency-tracking --disable-nls --disable-werror --target=avr --enable-languages=c,c++ --disable-nls --disable-libssp --with-dwarf2
Thread model: single
gcc version 4.3.2 (GCC) 
COMPILER_PATH=/Applications/Arduino.app/Contents/Resources/Java/hardware/tools/avr/bin/../libexec/gcc/avr/4.3.2/:/Applications/Arduino.app/Contents/Resources/Java/hardware/tools/avr/bin/../libexec/gcc/:/Applications/Arduino.app/Contents/Resources/Java/hardware/tools/avr/bin/../lib/gcc/avr/4.3.2/../../../../avr/bin/
LIBRARY_PATH=/Applications/Arduino.app/Contents/Resources/Java/hardware/tools/avr/bin/../lib/gcc/avr/4.3.2/:/Applications/Arduino.app/Contents/Resources/Java/hardware/tools/avr/bin/../lib/gcc/:/Applications/Arduino.app/Contents/Resources/Java/hardware/tools/avr/bin/../lib/gcc/avr/4.3.2/../../../../avr/lib/
COLLECT_GCC_OPTIONS='-g' '-Os' '-mcall-prologues' '-ffunction-sections' '-fdata-sections' '-fno-exceptions' '-v' '-o' 'cmTryCompileExec1798322916'
 /Applications/Arduino.app/Contents/Resources/Java/hardware/tools/avr/bin/../lib/gcc/avr/4.3.2/../../../../avr/bin/ld -m avr2 -o cmTryCompileExec1798322916 /Applications/Arduino.app/Contents/Resources/Java/hardware/tools/avr/bin/../lib/gcc/avr/4.3.2/../../../../avr/lib/crts8515.o -L/Applications/Arduino.app/Contents/Resources/Java/hardware/tools/avr/bin/../lib/gcc/avr/4.3.2 -L/Applications/Arduino.app/Contents/Resources/Java/hardware/tools/avr/bin/../lib/gcc -L/Applications/Arduino.app/Contents/Resources/Java/hardware/tools/avr/bin/../lib/gcc/avr/4.3.2/../../../../avr/lib CMakeFiles/cmTryCompileExec1798322916.dir/CMakeCXXCompilerABI.cpp.obj -lgcc -lm -lgcc -lc -lgcc


Parsed CXX implicit link information from above output:
  link line regex: [^( *|.*[/\])(avr-ld|ld|collect2)[^/\]*( |$)]
  ignore line: [Change Dir: /Users/tadatoshi/Documents/development/projects/arduino_sketch_builder/spec/arduino_sketches_fixture/build/CMakeFiles/CMakeTmp]
  ignore line: []
  ignore line: [Run Build Command:/usr/bin/make "cmTryCompileExec1798322916/fast"]
  ignore line: [/usr/bin/make -f CMakeFiles/cmTryCompileExec1798322916.dir/build.make CMakeFiles/cmTryCompileExec1798322916.dir/build]
  ignore line: ["/Applications/CMake 2.8-10.app/Contents/bin/cmake" -E cmake_progress_report /Users/tadatoshi/Documents/development/projects/arduino_sketch_builder/spec/arduino_sketches_fixture/build/CMakeFiles/CMakeTmp/CMakeFiles 1]
  ignore line: [Building CXX object CMakeFiles/cmTryCompileExec1798322916.dir/CMakeCXXCompilerABI.cpp.obj]
  ignore line: [/Applications/Arduino.app/Contents/Resources/Java/hardware/tools/avr/bin/avr-g++    -g -Os       -mcall-prologues -ffunction-sections -fdata-sections -fno-exceptions     -o CMakeFiles/cmTryCompileExec1798322916.dir/CMakeCXXCompilerABI.cpp.obj -c "/Applications/CMake 2.8-10.app/Contents/share/cmake-2.8/Modules/CMakeCXXCompilerABI.cpp"]
  ignore line: [Linking CXX executable cmTryCompileExec1798322916]
  ignore line: ["/Applications/CMake 2.8-10.app/Contents/bin/cmake" -E cmake_link_script CMakeFiles/cmTryCompileExec1798322916.dir/link.txt --verbose=1]
  ignore line: [/Applications/Arduino.app/Contents/Resources/Java/hardware/tools/avr/bin/avr-g++    -g -Os       -mcall-prologues -ffunction-sections -fdata-sections -fno-exceptions    -v CMakeFiles/cmTryCompileExec1798322916.dir/CMakeCXXCompilerABI.cpp.obj  -o cmTryCompileExec1798322916   ]
  ignore line: [Using built-in specs.]
  ignore line: [Target: avr]
  ignore line: [Configured with: ../configure --prefix=/usr/local/AVRMacPack-20081213 --disable-dependency-tracking --disable-nls --disable-werror --target=avr --enable-languages=c,c++ --disable-nls --disable-libssp --with-dwarf2]
  ignore line: [Thread model: single]
  ignore line: [gcc version 4.3.2 (GCC) ]
  ignore line: [COMPILER_PATH=/Applications/Arduino.app/Contents/Resources/Java/hardware/tools/avr/bin/../libexec/gcc/avr/4.3.2/:/Applications/Arduino.app/Contents/Resources/Java/hardware/tools/avr/bin/../libexec/gcc/:/Applications/Arduino.app/Contents/Resources/Java/hardware/tools/avr/bin/../lib/gcc/avr/4.3.2/../../../../avr/bin/]
  ignore line: [LIBRARY_PATH=/Applications/Arduino.app/Contents/Resources/Java/hardware/tools/avr/bin/../lib/gcc/avr/4.3.2/:/Applications/Arduino.app/Contents/Resources/Java/hardware/tools/avr/bin/../lib/gcc/:/Applications/Arduino.app/Contents/Resources/Java/hardware/tools/avr/bin/../lib/gcc/avr/4.3.2/../../../../avr/lib/]
  ignore line: [COLLECT_GCC_OPTIONS='-g' '-Os' '-mcall-prologues' '-ffunction-sections' '-fdata-sections' '-fno-exceptions' '-v' '-o' 'cmTryCompileExec1798322916']
  link line: [ /Applications/Arduino.app/Contents/Resources/Java/hardware/tools/avr/bin/../lib/gcc/avr/4.3.2/../../../../avr/bin/ld -m avr2 -o cmTryCompileExec1798322916 /Applications/Arduino.app/Contents/Resources/Java/hardware/tools/avr/bin/../lib/gcc/avr/4.3.2/../../../../avr/lib/crts8515.o -L/Applications/Arduino.app/Contents/Resources/Java/hardware/tools/avr/bin/../lib/gcc/avr/4.3.2 -L/Applications/Arduino.app/Contents/Resources/Java/hardware/tools/avr/bin/../lib/gcc -L/Applications/Arduino.app/Contents/Resources/Java/hardware/tools/avr/bin/../lib/gcc/avr/4.3.2/../../../../avr/lib CMakeFiles/cmTryCompileExec1798322916.dir/CMakeCXXCompilerABI.cpp.obj -lgcc -lm -lgcc -lc -lgcc]
    arg [/Applications/Arduino.app/Contents/Resources/Java/hardware/tools/avr/bin/../lib/gcc/avr/4.3.2/../../../../avr/bin/ld] ==> ignore
    arg [-m] ==> ignore
    arg [avr2] ==> ignore
    arg [-o] ==> ignore
    arg [cmTryCompileExec1798322916] ==> ignore
    arg [/Applications/Arduino.app/Contents/Resources/Java/hardware/tools/avr/bin/../lib/gcc/avr/4.3.2/../../../../avr/lib/crts8515.o] ==> ignore
    arg [-L/Applications/Arduino.app/Contents/Resources/Java/hardware/tools/avr/bin/../lib/gcc/avr/4.3.2] ==> dir [/Applications/Arduino.app/Contents/Resources/Java/hardware/tools/avr/bin/../lib/gcc/avr/4.3.2]
    arg [-L/Applications/Arduino.app/Contents/Resources/Java/hardware/tools/avr/bin/../lib/gcc] ==> dir [/Applications/Arduino.app/Contents/Resources/Java/hardware/tools/avr/bin/../lib/gcc]
    arg [-L/Applications/Arduino.app/Contents/Resources/Java/hardware/tools/avr/bin/../lib/gcc/avr/4.3.2/../../../../avr/lib] ==> dir [/Applications/Arduino.app/Contents/Resources/Java/hardware/tools/avr/bin/../lib/gcc/avr/4.3.2/../../../../avr/lib]
    arg [CMakeFiles/cmTryCompileExec1798322916.dir/CMakeCXXCompilerABI.cpp.obj] ==> ignore
    arg [-lgcc] ==> lib [gcc]
    arg [-lm] ==> lib [m]
    arg [-lgcc] ==> lib [gcc]
    arg [-lc] ==> lib [c]
    arg [-lgcc] ==> lib [gcc]
  remove lib [gcc]
  remove lib [gcc]
  remove lib [gcc]
  collapse dir [/Applications/Arduino.app/Contents/Resources/Java/hardware/tools/avr/bin/../lib/gcc/avr/4.3.2] ==> [/Applications/Arduino.app/Contents/Resources/Java/hardware/tools/avr/lib/gcc/avr/4.3.2]
  collapse dir [/Applications/Arduino.app/Contents/Resources/Java/hardware/tools/avr/bin/../lib/gcc] ==> [/Applications/Arduino.app/Contents/Resources/Java/hardware/tools/avr/lib/gcc]
  collapse dir [/Applications/Arduino.app/Contents/Resources/Java/hardware/tools/avr/bin/../lib/gcc/avr/4.3.2/../../../../avr/lib] ==> [/Applications/Arduino.app/Contents/Resources/Java/hardware/tools/avr/avr/lib]
  implicit libs: [m;c]
  implicit dirs: [/Applications/Arduino.app/Contents/Resources/Java/hardware/tools/avr/lib/gcc/avr/4.3.2;/Applications/Arduino.app/Contents/Resources/Java/hardware/tools/avr/lib/gcc;/Applications/Arduino.app/Contents/Resources/Java/hardware/tools/avr/avr/lib]


